Using pre-set license
Built from '2020.3/staging' branch; Version is '2020.3.18f1 (a7d1c678663c) revision 10998214'; Using compiler version '192528614'; Build Type 'Release'
OS: 'Windows 10 Pro; OS build 17763.737; Version 1809; 64bit' Language: 'zh' Physical Memory: 16250 MB
BatchMode: 1, IsHumanControllingUs: 0, StartBugReporterOnCrash: 0, Is64bit: 1, IsPro: 0

COMMAND LINE ARGUMENTS:
C:\Program Files\Unity\Hub\Editor\2020.3.18f1\Editor\Unity.exe
-adb2
-batchMode
-noUpm
-name
AssetImportWorker0
-projectPath
E:/fung/Unity_2D_2048_Hroizontal/Unity_2D_2048_Hroizontal_2021_0919
-logFile
Logs/AssetImportWorker0.log
-srvPort
51546
Successfully changed project path to: E:/fung/Unity_2D_2048_Hroizontal/Unity_2D_2048_Hroizontal_2021_0919
E:/fung/Unity_2D_2048_Hroizontal/Unity_2D_2048_Hroizontal_2021_0919
Using Asset Import Pipeline V2.
Refreshing native plugins compatible for Editor in 48.64 ms, found 3 plugins.
Preloading 0 native plugins for Editor in 0.00 ms.
Initialize engine version: 2020.3.18f1 (a7d1c678663c)
[Subsystems] Discovering subsystems at path C:/Program Files/Unity/Hub/Editor/2020.3.18f1/Editor/Data/Resources/UnitySubsystems
[Subsystems] Discovering subsystems at path E:/fung/Unity_2D_2048_Hroizontal/Unity_2D_2048_Hroizontal_2021_0919/Assets
GfxDevice: creating device client; threaded=0
Direct3D:
    Version:  Direct3D 11.0 [level 11.1]
    Renderer: NVIDIA Quadro P600 (ID=0x1cb2)
    Vendor:   
    VRAM:     1981 MB
    Driver:   27.21.14.5239
Initialize mono
Mono path[0] = 'C:/Program Files/Unity/Hub/Editor/2020.3.18f1/Editor/Data/Managed'
Mono path[1] = 'C:/Program Files/Unity/Hub/Editor/2020.3.18f1/Editor/Data/MonoBleedingEdge/lib/mono/unityjit'
Mono config path = 'C:/Program Files/Unity/Hub/Editor/2020.3.18f1/Editor/Data/MonoBleedingEdge/etc'
Using monoOptions --debugger-agent=transport=dt_socket,embedding=1,server=y,suspend=n,address=127.0.0.1:56192
Begin MonoManager ReloadAssembly
Registering precompiled unity dll's ...
Register platform support module: C:/Program Files/Unity/Hub/Editor/2020.3.18f1/Editor/Data/PlaybackEngines/WebGLSupport/UnityEditor.WebGL.Extensions.dll
Register platform support module: C:/Program Files/Unity/Hub/Editor/2020.3.18f1/Editor/Data/PlaybackEngines/WindowsStandaloneSupport/UnityEditor.WindowsStandalone.Extensions.dll
Registered in 0.001761 seconds.
Native extension for WindowsStandalone target not found
Native extension for WebGL target not found
Refreshing native plugins compatible for Editor in 48.21 ms, found 3 plugins.
Preloading 0 native plugins for Editor in 0.00 ms.
Mono: successfully reloaded assembly
- Completed reload, in  1.719 seconds
Domain Reload Profiling:
	ReloadAssembly (1719ms)
		BeginReloadAssembly (55ms)
			ExecutionOrderSort (0ms)
			DisableScriptedObjects (0ms)
			BackupInstance (0ms)
			ReleaseScriptingObjects (0ms)
			CreateAndSetChildDomain (1ms)
		EndReloadAssembly (393ms)
			LoadAssemblies (53ms)
			RebuildTransferFunctionScriptingTraits (0ms)
			SetupTypeCache (138ms)
			ReleaseScriptCaches (0ms)
			RebuildScriptCaches (31ms)
			SetupLoadedEditorAssemblies (162ms)
				LogAssemblyErrors (0ms)
				InitializePlatformSupportModulesInManaged (4ms)
				SetLoadedEditorAssemblies (0ms)
				RefreshPlugins (48ms)
				BeforeProcessingInitializeOnLoad (16ms)
				ProcessInitializeOnLoadAttributes (68ms)
				ProcessInitializeOnLoadMethodAttributes (25ms)
				AfterProcessingInitializeOnLoad (0ms)
				EditorAssembliesLoaded (0ms)
			ExecutionOrderSort2 (0ms)
			AwakeInstancesAfterBackupRestoration (0ms)
Platform modules already initialized, skipping
Registering precompiled user dll's ...
Registered in 0.001743 seconds.
Begin MonoManager ReloadAssembly
Native extension for WindowsStandalone target not found
Native extension for WebGL target not found
Refreshing native plugins compatible for Editor in 43.83 ms, found 3 plugins.
Preloading 0 native plugins for Editor in 0.00 ms.
Mono: successfully reloaded assembly
- Completed reload, in  0.995 seconds
Domain Reload Profiling:
	ReloadAssembly (996ms)
		BeginReloadAssembly (126ms)
			ExecutionOrderSort (0ms)
			DisableScriptedObjects (4ms)
			BackupInstance (0ms)
			ReleaseScriptingObjects (0ms)
			CreateAndSetChildDomain (17ms)
		EndReloadAssembly (817ms)
			LoadAssemblies (77ms)
			RebuildTransferFunctionScriptingTraits (0ms)
			SetupTypeCache (258ms)
			ReleaseScriptCaches (0ms)
			RebuildScriptCaches (47ms)
			SetupLoadedEditorAssemblies (315ms)
				LogAssemblyErrors (0ms)
				InitializePlatformSupportModulesInManaged (4ms)
				SetLoadedEditorAssemblies (0ms)
				RefreshPlugins (44ms)
				BeforeProcessingInitializeOnLoad (69ms)
				ProcessInitializeOnLoadAttributes (183ms)
				ProcessInitializeOnLoadMethodAttributes (11ms)
				AfterProcessingInitializeOnLoad (4ms)
				EditorAssembliesLoaded (0ms)
			ExecutionOrderSort2 (0ms)
			AwakeInstancesAfterBackupRestoration (6ms)
Platform modules already initialized, skipping
========================================================================
Worker process is ready to serve import requests
Launched and connected shader compiler UnityShaderCompiler.exe after 0.03 seconds
Refreshing native plugins compatible for Editor in 0.48 ms, found 3 plugins.
Preloading 0 native plugins for Editor in 0.00 ms.
Unloading 2093 Unused Serialized files (Serialized files now loaded: 0)
System memory in use before: 93.1 MB.
System memory in use after: 93.2 MB.

Unloading 26 unused Assets to reduce memory usage. Loaded Objects now: 2532.
Total: 2.876400 ms (FindLiveObjects: 0.176500 ms CreateObjectMapping: 0.071600 ms MarkObjects: 2.558800 ms  DeleteObjects: 0.068400 ms)

AssetImportParameters requested are different than current active one (requested -> active):
  custom:framework-win-MediaFoundation: 216162199b28c13a410421893ffa2e32 -> 
  custom:video-decoder-ogg-theora: a1e56fd34408186e4bbccfd4996cb3dc -> 
  custom:container-muxer-webm: aa71ff27fc2769a1b78a27578f13a17b -> 
  custom:container-demuxer-webm: 4f35f7cbe854078d1ac9338744f61a02 -> 
  custom:container-demuxer-ogg: 62fdf1f143b41e24485cea50d1cbac27 -> 
  custom:video-encoder-webm-vp8: eb34c28f22e8b96e1ab97ce403110664 -> 
  custom:video-decoder-webm-vp8: 9c59270c3fd7afecdb556c50c9e8de78 -> 
  custom:audio-decoder-ogg-vorbis: bf7c407c2cedff20999df2af8eb42d56 -> 
  custom:audio-encoder-webm-vorbis: bf7c407c2cedff20999df2af8eb42d56 -> 
========================================================================
Received Import Request.
  path: Assets/Minotaur - Sprite Sheet 1.png
  artifactKey: Guid(a139dce497884154ebf8bd56c9a9fa2b) Importer(815301076,1909f56bfc062723c751e8b465ee728b)
Start importing Assets/Minotaur - Sprite Sheet 1.png using Guid(a139dce497884154ebf8bd56c9a9fa2b) Importer(815301076,1909f56bfc062723c751e8b465ee728b)  -> (artifact id: 'cedec0f9083c1a994021e51edb84d34d') in 0.420331 seconds 
  Import took 0.423576 seconds .

========================================================================
Received Import Request.
  Time since last request: 0.000224 seconds.
  path: Assets/Minotaur - Sprite Sheet.png
  artifactKey: Guid(5f7ccd4236111e84dba2bb6cc963f3e3) Importer(815301076,1909f56bfc062723c751e8b465ee728b)
Start importing Assets/Minotaur - Sprite Sheet.png using Guid(5f7ccd4236111e84dba2bb6cc963f3e3) Importer(815301076,1909f56bfc062723c751e8b465ee728b)  -> (artifact id: 'c945cd2332b24be8eb6dc0496893c6e9') in 0.250740 seconds 
  Import took 0.254725 seconds .

========================================================================
Received Import Request.
  Time since last request: 36.070156 seconds.
  path: Assets/Cainos
  artifactKey: Guid(632b06347e5f4fa4696114a7254fc8a4) Importer(815301076,1909f56bfc062723c751e8b465ee728b)
Start importing Assets/Cainos using Guid(632b06347e5f4fa4696114a7254fc8a4) Importer(815301076,1909f56bfc062723c751e8b465ee728b)  -> (artifact id: 'b2e4318ccb0397d45cafab802c2c066e') in 0.000825 seconds 
  Import took 0.004921 seconds .

========================================================================
Received Import Request.
  Time since last request: 0.012202 seconds.
  path: Assets/Cainos
  artifactKey: Guid(632b06347e5f4fa4696114a7254fc8a4) Importer(815301076,1909f56bfc062723c751e8b465ee728b)
Start importing Assets/Cainos using Guid(632b06347e5f4fa4696114a7254fc8a4) Importer(815301076,1909f56bfc062723c751e8b465ee728b)  -> (artifact id: 'b2e4318ccb0397d45cafab802c2c066e') in 0.000866 seconds 
  Import took 0.004100 seconds .

========================================================================
Received Import Request.
  Time since last request: 3.568667 seconds.
  path: Assets/Scripts/LearnProrerty.cs
  artifactKey: Guid(2acf095a39270704bbcd87c0b946a1e0) Importer(815301076,1909f56bfc062723c751e8b465ee728b)
Start importing Assets/Scripts/LearnProrerty.cs using Guid(2acf095a39270704bbcd87c0b946a1e0) Importer(815301076,1909f56bfc062723c751e8b465ee728b)  -> (artifact id: '43b4ede4657e19ab79e60516df6da7ec') in 0.008165 seconds 
  Import took 0.011795 seconds .

========================================================================
Received Import Request.
  Time since last request: 0.026344 seconds.
  path: Assets/Scripts/LearnProrerty.cs
  artifactKey: Guid(2acf095a39270704bbcd87c0b946a1e0) Importer(815301076,1909f56bfc062723c751e8b465ee728b)
Start importing Assets/Scripts/LearnProrerty.cs using Guid(2acf095a39270704bbcd87c0b946a1e0) Importer(815301076,1909f56bfc062723c751e8b465ee728b)  -> (artifact id: '43b4ede4657e19ab79e60516df6da7ec') in 0.000934 seconds 
  Import took 0.005199 seconds .

========================================================================
Received Import Request.
  Time since last request: 0.716767 seconds.
  path: Assets/Scripts/LearnMethod.cs
  artifactKey: Guid(fc3bccf512a061e4f99e8bef9511f495) Importer(815301076,1909f56bfc062723c751e8b465ee728b)
Start importing Assets/Scripts/LearnMethod.cs using Guid(fc3bccf512a061e4f99e8bef9511f495) Importer(815301076,1909f56bfc062723c751e8b465ee728b)  -> (artifact id: '1249d505aa007dfe825c1a44115b2cc1') in 0.000784 seconds 
  Import took 0.003627 seconds .

========================================================================
Received Import Request.
  Time since last request: 0.001259 seconds.
  path: Assets/Scripts/LearnMethod.cs
  artifactKey: Guid(fc3bccf512a061e4f99e8bef9511f495) Importer(815301076,1909f56bfc062723c751e8b465ee728b)
Start importing Assets/Scripts/LearnMethod.cs using Guid(fc3bccf512a061e4f99e8bef9511f495) Importer(815301076,1909f56bfc062723c751e8b465ee728b)  -> (artifact id: '1249d505aa007dfe825c1a44115b2cc1') in 0.000854 seconds 
  Import took 0.004981 seconds .

========================================================================
Received Import Request.
  Time since last request: 641.757637 seconds.
  path: Assets/Scripts/LearnMethod.cs
  artifactKey: Guid(fc3bccf512a061e4f99e8bef9511f495) Importer(815301076,1909f56bfc062723c751e8b465ee728b)
Start importing Assets/Scripts/LearnMethod.cs using Guid(fc3bccf512a061e4f99e8bef9511f495) Importer(815301076,1909f56bfc062723c751e8b465ee728b)  -> (artifact id: 'e9653f55fb214ed2878ec7bb184b0954') in 0.001512 seconds 
  Import took 0.005910 seconds .

========================================================================
Received Import Request.
  Time since last request: 0.000603 seconds.
  path: Assets/Scripts/LearnMethod.cs
  artifactKey: Guid(fc3bccf512a061e4f99e8bef9511f495) Importer(815301076,1909f56bfc062723c751e8b465ee728b)
Start importing Assets/Scripts/LearnMethod.cs using Guid(fc3bccf512a061e4f99e8bef9511f495) Importer(815301076,1909f56bfc062723c751e8b465ee728b)  -> (artifact id: 'e9653f55fb214ed2878ec7bb184b0954') in 0.001281 seconds 
  Import took 0.006274 seconds .

========================================================================
Received Prepare
Registering precompiled user dll's ...
Registered in 0.001743 seconds.
Begin MonoManager ReloadAssembly
Native extension for WindowsStandalone target not found
Native extension for WebGL target not found
Refreshing native plugins compatible for Editor in 0.65 ms, found 3 plugins.
Preloading 0 native plugins for Editor in 0.00 ms.
Mono: successfully reloaded assembly
- Completed reload, in  0.948 seconds
Domain Reload Profiling:
	ReloadAssembly (948ms)
		BeginReloadAssembly (100ms)
			ExecutionOrderSort (0ms)
			DisableScriptedObjects (5ms)
			BackupInstance (0ms)
			ReleaseScriptingObjects (0ms)
			CreateAndSetChildDomain (34ms)
		EndReloadAssembly (788ms)
			LoadAssemblies (81ms)
			RebuildTransferFunctionScriptingTraits (0ms)
			SetupTypeCache (277ms)
			ReleaseScriptCaches (1ms)
			RebuildScriptCaches (39ms)
			SetupLoadedEditorAssemblies (284ms)
				LogAssemblyErrors (0ms)
				InitializePlatformSupportModulesInManaged (6ms)
				SetLoadedEditorAssemblies (1ms)
				RefreshPlugins (1ms)
				BeforeProcessingInitializeOnLoad (85ms)
				ProcessInitializeOnLoadAttributes (183ms)
				ProcessInitializeOnLoadMethodAttributes (5ms)
				AfterProcessingInitializeOnLoad (4ms)
				EditorAssembliesLoaded (0ms)
			ExecutionOrderSort2 (0ms)
			AwakeInstancesAfterBackupRestoration (10ms)
Platform modules already initialized, skipping
Refreshing native plugins compatible for Editor in 0.48 ms, found 3 plugins.
Preloading 0 native plugins for Editor in 0.00 ms.
Unloading 2083 Unused Serialized files (Serialized files now loaded: 0)
System memory in use before: 95.5 MB.
System memory in use after: 95.7 MB.

Unloading 14 unused Assets to reduce memory usage. Loaded Objects now: 2542.
Total: 3.119900 ms (FindLiveObjects: 0.273000 ms CreateObjectMapping: 0.125100 ms MarkObjects: 2.703800 ms  DeleteObjects: 0.017100 ms)

AssetImportParameters requested are different than current active one (requested -> active):
  custom:framework-win-MediaFoundation: 216162199b28c13a410421893ffa2e32 -> 
  custom:video-decoder-ogg-theora: a1e56fd34408186e4bbccfd4996cb3dc -> 
  custom:container-muxer-webm: aa71ff27fc2769a1b78a27578f13a17b -> 
  custom:container-demuxer-webm: 4f35f7cbe854078d1ac9338744f61a02 -> 
  custom:container-demuxer-ogg: 62fdf1f143b41e24485cea50d1cbac27 -> 
  custom:video-encoder-webm-vp8: eb34c28f22e8b96e1ab97ce403110664 -> 
  custom:video-decoder-webm-vp8: 9c59270c3fd7afecdb556c50c9e8de78 -> 
  custom:audio-decoder-ogg-vorbis: bf7c407c2cedff20999df2af8eb42d56 -> 
  custom:audio-encoder-webm-vorbis: bf7c407c2cedff20999df2af8eb42d56 -> 
========================================================================
Received Import Request.
  Time since last request: 40.973212 seconds.
  path: Assets/Enchanted Forest - Individual Frames/All
  artifactKey: Guid(0f86426c1b61a3949a93233096fcfa0e) Importer(815301076,1909f56bfc062723c751e8b465ee728b)
Start importing Assets/Enchanted Forest - Individual Frames/All using Guid(0f86426c1b61a3949a93233096fcfa0e) Importer(815301076,1909f56bfc062723c751e8b465ee728b)  -> (artifact id: 'cc7bfc2040913d205d68e8da2f898009') in 0.004296 seconds 
  Import took 0.007707 seconds .

========================================================================
Received Import Request.
  Time since last request: 0.057365 seconds.
  path: Assets/Enchanted Forest - Individual Frames/All/Bandit_Idle_1.png
  artifactKey: Guid(f816e651001fcb74e975ddb3975f5d1c) Importer(815301076,1909f56bfc062723c751e8b465ee728b)
Start importing Assets/Enchanted Forest - Individual Frames/All/Bandit_Idle_1.png using Guid(f816e651001fcb74e975ddb3975f5d1c) Importer(815301076,1909f56bfc062723c751e8b465ee728b)  -> (artifact id: 'ff884f65df0f2dc77be2ab0b3a124ba8') in 0.049795 seconds 
  Import took 0.053312 seconds .

========================================================================
Received Import Request.
  Time since last request: 0.000249 seconds.
  path: Assets/Enchanted Forest - Individual Frames/All/Bandit_Walk_3.png
  artifactKey: Guid(3ef43843315f7e340b42dc8faaff6c1f) Importer(815301076,1909f56bfc062723c751e8b465ee728b)
Start importing Assets/Enchanted Forest - Individual Frames/All/Bandit_Walk_3.png using Guid(3ef43843315f7e340b42dc8faaff6c1f) Importer(815301076,1909f56bfc062723c751e8b465ee728b)  -> (artifact id: '168ed5d0657bd788242597bdc6c244ff') in 0.358218 seconds 
  Import took 0.361924 seconds .

========================================================================
Received Import Request.
  Time since last request: 0.000242 seconds.
  path: Assets/Enchanted Forest - Individual Frames/All/Bandit_Idle_2.png
  artifactKey: Guid(94cd2117a3a59aa40a837fa0e00d11c8) Importer(815301076,1909f56bfc062723c751e8b465ee728b)
Start importing Assets/Enchanted Forest - Individual Frames/All/Bandit_Idle_2.png using Guid(94cd2117a3a59aa40a837fa0e00d11c8) Importer(815301076,1909f56bfc062723c751e8b465ee728b)  -> (artifact id: 'c915e541b1482e7772b248b4578a1a56') in 0.007556 seconds 
  Import took 0.011325 seconds .

========================================================================
Received Import Request.
  Time since last request: 0.000170 seconds.
  path: Assets/Enchanted Forest - Individual Frames/All/Bandit_Idle_4.png
  artifactKey: Guid(dfe7cc1743856164ea77e7ad69bda809) Importer(815301076,1909f56bfc062723c751e8b465ee728b)
Start importing Assets/Enchanted Forest - Individual Frames/All/Bandit_Idle_4.png using Guid(dfe7cc1743856164ea77e7ad69bda809) Importer(815301076,1909f56bfc062723c751e8b465ee728b)  -> (artifact id: '6b5237ee0cd0e38dab1b67c1b3fb1cee') in 0.008549 seconds 
  Import took 0.012245 seconds .

========================================================================
Received Import Request.
  Time since last request: 0.000200 seconds.
  path: Assets/Enchanted Forest - Individual Frames/All/Bandit_Walk_1.png
  artifactKey: Guid(9ace0f882f6654b469a947ea518ab0b3) Importer(815301076,1909f56bfc062723c751e8b465ee728b)
Start importing Assets/Enchanted Forest - Individual Frames/All/Bandit_Walk_1.png using Guid(9ace0f882f6654b469a947ea518ab0b3) Importer(815301076,1909f56bfc062723c751e8b465ee728b)  -> (artifact id: '6698c233f09837184071d81c8e3701d2') in 0.008182 seconds 
  Import took 0.011293 seconds .

========================================================================
Received Import Request.
  Time since last request: 0.000206 seconds.
  path: Assets/Enchanted Forest - Individual Frames/All/Bandit_Idle_3.png
  artifactKey: Guid(8d30d303c938d9b4a993b05d3c942544) Importer(815301076,1909f56bfc062723c751e8b465ee728b)
Start importing Assets/Enchanted Forest - Individual Frames/All/Bandit_Idle_3.png using Guid(8d30d303c938d9b4a993b05d3c942544) Importer(815301076,1909f56bfc062723c751e8b465ee728b)  -> (artifact id: 'a869abd2392582b06b2888d84df0710d') in 0.010827 seconds 
  Import took 0.014363 seconds .

========================================================================
Received Import Request.
  Time since last request: 0.000247 seconds.
  path: Assets/Enchanted Forest - Individual Frames/All/Bandit_Walk_2.png
  artifactKey: Guid(80a44160f646036428fe7e1b9f7e2332) Importer(815301076,1909f56bfc062723c751e8b465ee728b)
Start importing Assets/Enchanted Forest - Individual Frames/All/Bandit_Walk_2.png using Guid(80a44160f646036428fe7e1b9f7e2332) Importer(815301076,1909f56bfc062723c751e8b465ee728b)  -> (artifact id: '9dfe0ddb2f7c4b7a16f225d253566450') in 0.008736 seconds 
  Import took 0.012021 seconds .

========================================================================
Received Import Request.
  Time since last request: 3.738948 seconds.
  path: Packages/com.unity.2d.spriteshape/Editor/ObjectMenuCreation/DefaultAssets/Sprite Shapes/Closed Sprite Shape.prefab
  artifactKey: Guid(c0583b4e855c74b8c82e7b9b5efb5ce9) Importer(815301076,1909f56bfc062723c751e8b465ee728b)
Start importing Packages/com.unity.2d.spriteshape/Editor/ObjectMenuCreation/DefaultAssets/Sprite Shapes/Closed Sprite Shape.prefab using Guid(c0583b4e855c74b8c82e7b9b5efb5ce9) Importer(815301076,1909f56bfc062723c751e8b465ee728b)  -> (artifact id: 'c5c845828cede3f25819031102be01e1') in 0.075479 seconds 
  Import took 0.078995 seconds .

========================================================================
Received Import Request.
  Time since last request: 0.000215 seconds.
  path: Assets/Cainos/Pixel Art Platformer - Village Props/Tileset Palette/TP Ground Darken.prefab
  artifactKey: Guid(027db5ce1ff2f4142b49c3de3b59625a) Importer(815301076,1909f56bfc062723c751e8b465ee728b)
Start importing Assets/Cainos/Pixel Art Platformer - Village Props/Tileset Palette/TP Ground Darken.prefab using Guid(027db5ce1ff2f4142b49c3de3b59625a) Importer(815301076,1909f56bfc062723c751e8b465ee728b)  -> (artifact id: '468f7355c2b3637696751d819bf949a4') in 0.017238 seconds 
  Import took 0.021278 seconds .

========================================================================
Received Import Request.
  Time since last request: 0.000247 seconds.
  path: Packages/com.unity.2d.spriteshape/Editor/ObjectMenuCreation/DefaultAssets/Sprite Shapes/Open Sprite Shape.prefab
  artifactKey: Guid(86ae7de409eb54f619fb1328e4d42480) Importer(815301076,1909f56bfc062723c751e8b465ee728b)
Start importing Packages/com.unity.2d.spriteshape/Editor/ObjectMenuCreation/DefaultAssets/Sprite Shapes/Open Sprite Shape.prefab using Guid(86ae7de409eb54f619fb1328e4d42480) Importer(815301076,1909f56bfc062723c751e8b465ee728b)  -> (artifact id: '1cd094d74455b6e3ebbdb90683f10d20') in 0.007709 seconds 
  Import took 0.011661 seconds .

========================================================================
Received Import Request.
  Time since last request: 0.000238 seconds.
  path: Assets/Cainos/Pixel Art Platformer - Village Props/Prefab/PF FX Torch Fire.prefab
  artifactKey: Guid(4cfc0b96b77f5374a9242d6779dd65bf) Importer(815301076,1909f56bfc062723c751e8b465ee728b)
Start importing Assets/Cainos/Pixel Art Platformer - Village Props/Prefab/PF FX Torch Fire.prefab using Guid(4cfc0b96b77f5374a9242d6779dd65bf) Importer(815301076,1909f56bfc062723c751e8b465ee728b)  -> (artifact id: '6f23c252057b69d5c8b2f523286577e8') in 0.038790 seconds 
  Import took 0.043253 seconds .

========================================================================
Received Import Request.
  Time since last request: 0.000314 seconds.
  path: Assets/Cainos/Pixel Art Platformer - Village Props/Prefab/PF FX Fire Bowl Fire.prefab
  artifactKey: Guid(69e62f89c9d82ba4085d34eeff6f57bc) Importer(815301076,1909f56bfc062723c751e8b465ee728b)
Start importing Assets/Cainos/Pixel Art Platformer - Village Props/Prefab/PF FX Fire Bowl Fire.prefab using Guid(69e62f89c9d82ba4085d34eeff6f57bc) Importer(815301076,1909f56bfc062723c751e8b465ee728b)  -> (artifact id: '8c8cf8659c4144f1d77445751461d8e8') in 0.008505 seconds 
  Import took 0.012101 seconds .

========================================================================
Received Import Request.
  Time since last request: 0.000193 seconds.
  path: Assets/Cainos/Pixel Art Platformer - Village Props/Tileset Palette/TP Ground.prefab
  artifactKey: Guid(a657d1104ca50f54dac2bf8d3d8e9898) Importer(815301076,1909f56bfc062723c751e8b465ee728b)
Start importing Assets/Cainos/Pixel Art Platformer - Village Props/Tileset Palette/TP Ground.prefab using Guid(a657d1104ca50f54dac2bf8d3d8e9898) Importer(815301076,1909f56bfc062723c751e8b465ee728b)  -> (artifact id: 'ff07f62ccedc006864cda4c08b3a1aa8') in 0.012943 seconds 
  Import took 0.016718 seconds .

========================================================================
Received Import Request.
  Time since last request: 0.000163 seconds.
  path: Assets/Cainos/Pixel Art Platformer - Village Props/Prefab/PF FX Campfire Fire.prefab
  artifactKey: Guid(2b206c0d2afb3604183d9210be1d84ce) Importer(815301076,1909f56bfc062723c751e8b465ee728b)
Start importing Assets/Cainos/Pixel Art Platformer - Village Props/Prefab/PF FX Campfire Fire.prefab using Guid(2b206c0d2afb3604183d9210be1d84ce) Importer(815301076,1909f56bfc062723c751e8b465ee728b)  -> (artifact id: '2fa051f8a016c827fc5a30e66213d487') in 0.009962 seconds 
  Import took 0.013780 seconds .

========================================================================
Received Prepare
Registering precompiled user dll's ...
Registered in 0.002387 seconds.
Begin MonoManager ReloadAssembly
Native extension for WindowsStandalone target not found
Native extension for WebGL target not found
Refreshing native plugins compatible for Editor in 0.47 ms, found 3 plugins.
Preloading 0 native plugins for Editor in 0.00 ms.
Mono: successfully reloaded assembly
- Completed reload, in  0.862 seconds
Domain Reload Profiling:
	ReloadAssembly (863ms)
		BeginReloadAssembly (87ms)
			ExecutionOrderSort (0ms)
			DisableScriptedObjects (5ms)
			BackupInstance (0ms)
			ReleaseScriptingObjects (0ms)
			CreateAndSetChildDomain (29ms)
		EndReloadAssembly (725ms)
			LoadAssemblies (72ms)
			RebuildTransferFunctionScriptingTraits (0ms)
			SetupTypeCache (245ms)
			ReleaseScriptCaches (1ms)
			RebuildScriptCaches (38ms)
			SetupLoadedEditorAssemblies (273ms)
				LogAssemblyErrors (0ms)
				InitializePlatformSupportModulesInManaged (5ms)
				SetLoadedEditorAssemblies (0ms)
				RefreshPlugins (1ms)
				BeforeProcessingInitializeOnLoad (68ms)
				ProcessInitializeOnLoadAttributes (190ms)
				ProcessInitializeOnLoadMethodAttributes (5ms)
				AfterProcessingInitializeOnLoad (4ms)
				EditorAssembliesLoaded (0ms)
			ExecutionOrderSort2 (0ms)
			AwakeInstancesAfterBackupRestoration (10ms)
Platform modules already initialized, skipping
Refreshing native plugins compatible for Editor in 0.48 ms, found 3 plugins.
Preloading 0 native plugins for Editor in 0.00 ms.
Unloading 2083 Unused Serialized files (Serialized files now loaded: 0)
System memory in use before: 95.7 MB.
System memory in use after: 95.9 MB.

Unloading 15 unused Assets to reduce memory usage. Loaded Objects now: 2553.
Total: 2.964700 ms (FindLiveObjects: 0.159600 ms CreateObjectMapping: 0.066600 ms MarkObjects: 2.668700 ms  DeleteObjects: 0.069000 ms)

AssetImportParameters requested are different than current active one (requested -> active):
  custom:framework-win-MediaFoundation: 216162199b28c13a410421893ffa2e32 -> 
  custom:video-decoder-ogg-theora: a1e56fd34408186e4bbccfd4996cb3dc -> 
  custom:container-muxer-webm: aa71ff27fc2769a1b78a27578f13a17b -> 
  custom:container-demuxer-webm: 4f35f7cbe854078d1ac9338744f61a02 -> 
  custom:container-demuxer-ogg: 62fdf1f143b41e24485cea50d1cbac27 -> 
  custom:video-encoder-webm-vp8: eb34c28f22e8b96e1ab97ce403110664 -> 
  custom:video-decoder-webm-vp8: 9c59270c3fd7afecdb556c50c9e8de78 -> 
  custom:audio-decoder-ogg-vorbis: bf7c407c2cedff20999df2af8eb42d56 -> 
  custom:audio-encoder-webm-vorbis: bf7c407c2cedff20999df2af8eb42d56 -> 
========================================================================
Received Import Request.
  Time since last request: 406.038258 seconds.
  path: Assets/場景調色盤/告示牌.prefab
  artifactKey: Guid(0957d0a5fd5cd924a956a616d849fff0) Importer(815301076,1909f56bfc062723c751e8b465ee728b)
Start importing Assets/場景調色盤/告示牌.prefab using Guid(0957d0a5fd5cd924a956a616d849fff0) Importer(815301076,1909f56bfc062723c751e8b465ee728b)  -> (artifact id: 'a64ea76edad0dc9db9a0937f59cfc382') in 0.064387 seconds 
  Import took 0.069006 seconds .

========================================================================
Received Import Request.
  Time since last request: 0.000256 seconds.
  path: Assets/場景調色盤/雜草.prefab
  artifactKey: Guid(e3d80dca7ca6c9540b29052d53729755) Importer(815301076,1909f56bfc062723c751e8b465ee728b)
Start importing Assets/場景調色盤/雜草.prefab using Guid(e3d80dca7ca6c9540b29052d53729755) Importer(815301076,1909f56bfc062723c751e8b465ee728b)  -> (artifact id: '14335512fd6a084c20fcf9a3d84382ca') in 0.010265 seconds 
  Import took 0.014347 seconds .

========================================================================
Received Import Request.
  Time since last request: 0.000244 seconds.
  path: Assets/場景調色盤/草.prefab
  artifactKey: Guid(efc69c7cb80627842872cf893bb45319) Importer(815301076,1909f56bfc062723c751e8b465ee728b)
Start importing Assets/場景調色盤/草.prefab using Guid(efc69c7cb80627842872cf893bb45319) Importer(815301076,1909f56bfc062723c751e8b465ee728b)  -> (artifact id: '01275d549ac3578a47ef592e27fc679a') in 0.008962 seconds 
  Import took 0.012649 seconds .

========================================================================
Received Import Request.
  Time since last request: 0.000234 seconds.
  path: Assets/場景調色盤/石頭.prefab
  artifactKey: Guid(588dd3ffd7f5bd04895958eb5f1183fa) Importer(815301076,1909f56bfc062723c751e8b465ee728b)
Start importing Assets/場景調色盤/石頭.prefab using Guid(588dd3ffd7f5bd04895958eb5f1183fa) Importer(815301076,1909f56bfc062723c751e8b465ee728b)  -> (artifact id: 'e106849a4c16b3106c4d03de3879e435') in 0.008417 seconds 
  Import took 0.012555 seconds .

========================================================================
Received Import Request.
  Time since last request: 0.000336 seconds.
  path: Assets/場景調色盤/雜物.prefab
  artifactKey: Guid(f4d032c2474baec459a8426bae31e097) Importer(815301076,1909f56bfc062723c751e8b465ee728b)
Start importing Assets/場景調色盤/雜物.prefab using Guid(f4d032c2474baec459a8426bae31e097) Importer(815301076,1909f56bfc062723c751e8b465ee728b)  -> (artifact id: '0cf9e0f71b0d5c93fc8086ba08b803c6') in 0.008465 seconds 
  Import took 0.012233 seconds .

========================================================================
Received Import Request.
  Time since last request: 0.000303 seconds.
  path: Assets/場景調色盤/花.prefab
  artifactKey: Guid(59e72da551bc919469ac316771d12ee0) Importer(815301076,1909f56bfc062723c751e8b465ee728b)
Start importing Assets/場景調色盤/花.prefab using Guid(59e72da551bc919469ac316771d12ee0) Importer(815301076,1909f56bfc062723c751e8b465ee728b)  -> (artifact id: 'a241a11c75b7c68eb4cbb5522449de95') in 0.009460 seconds 
  Import took 0.013797 seconds .

========================================================================
Received Import Request.
  Time since last request: 0.000312 seconds.
  path: Assets/場景調色盤/地形.prefab
  artifactKey: Guid(b37f1c9e428247b4c9465d5420cb406c) Importer(815301076,1909f56bfc062723c751e8b465ee728b)
Start importing Assets/場景調色盤/地形.prefab using Guid(b37f1c9e428247b4c9465d5420cb406c) Importer(815301076,1909f56bfc062723c751e8b465ee728b)  -> (artifact id: '393d74e23b1cb683c37c7c107d799c55') in 0.315385 seconds 
  Import took 0.319156 seconds .

========================================================================
Received Import Request.
  Time since last request: 0.002742 seconds.
  path: Assets/場景調色盤/地形.prefab
  artifactKey: Guid(b37f1c9e428247b4c9465d5420cb406c) Importer(815301076,1909f56bfc062723c751e8b465ee728b)
Start importing Assets/場景調色盤/地形.prefab using Guid(b37f1c9e428247b4c9465d5420cb406c) Importer(815301076,1909f56bfc062723c751e8b465ee728b)  -> (artifact id: '393d74e23b1cb683c37c7c107d799c55') in 0.014703 seconds 
  Import took 0.018727 seconds .

AssetImportWorkerClient::OnTransportError - code=2 error=End of file
